<?xml version="1.0" encoding="UTF-8"?>
<!-- Generated by org.testng.reporters.JUnitReportReporter -->
<testsuite skipped="0" hostname="DESKTOP-GORB4NR" name="tests.TestMouseOver" tests="1" failures="0" timestamp="26 Mar 2020 16:05:55 GMT" time="17.821" errors="0">
  <testcase name="Testmouseover" time="17.821" classname="tests.TestMouseOver"/>
</testsuite> <!-- tests.TestMouseOver -->
